DEPRECATION WARNING: Using legacy connection handling is deprecated. Please set
`legacy_connection_handling` to `false` in your application.

The new connection handling does not support `connection_handlers`
getter and setter.

Read more about how to migrate at: https://guides.rubyonrails.org/active_record_multiple_databases.html#migrate-to-the-new-connection-handling
 (called from <top (required)> at /Users/dev/topnews/app/models/application_record.rb:1)
DEPRECATION WARNING: Non-URL-safe CSRF tokens are deprecated. Use 6.1 defaults or above. (called from block (3 levels) in <class:Railtie> at /Users/dev/.asdf/installs/ruby/3.1.2/lib/ruby/gems/3.1.0/gems/actionpack-7.0.4/lib/action_controller/railtie.rb:80)
Started GET "/" for ::1 at 2022-12-05 07:29:31 -0800
  
ActiveRecord::NoDatabaseError (We could not find your database: topnews_development. Which can be found in the database configuration file located at config/database.yml.

To resolve this issue:

- Did you create the database for this app, or delete it? You may need to create your database.
- Has the database name changed? Check your database.yml config has the correct database name.

To create your database, run:

        bin/rails db:create
):
  
activerecord (7.0.4) lib/active_record/connection_adapters/postgresql_adapter.rb:81:in `rescue in new_client'
activerecord (7.0.4) lib/active_record/connection_adapters/postgresql_adapter.rb:77:in `new_client'
activerecord (7.0.4) lib/active_record/connection_adapters/postgresql_adapter.rb:37:in `postgresql_connection'
activerecord (7.0.4) lib/active_record/connection_adapters/abstract/connection_pool.rb:656:in `public_send'
activerecord (7.0.4) lib/active_record/connection_adapters/abstract/connection_pool.rb:656:in `new_connection'
activerecord (7.0.4) lib/active_record/connection_adapters/abstract/connection_pool.rb:700:in `checkout_new_connection'
activerecord (7.0.4) lib/active_record/connection_adapters/abstract/connection_pool.rb:679:in `try_to_checkout_new_connection'
activerecord (7.0.4) lib/active_record/connection_adapters/abstract/connection_pool.rb:640:in `acquire_connection'
activerecord (7.0.4) lib/active_record/connection_adapters/abstract/connection_pool.rb:341:in `checkout'
activerecord (7.0.4) lib/active_record/connection_adapters/abstract/connection_pool.rb:181:in `connection'
activerecord (7.0.4) lib/active_record/connection_adapters/abstract/connection_handler.rb:211:in `retrieve_connection'
activerecord (7.0.4) lib/active_record/connection_handling.rb:313:in `retrieve_connection'
activerecord (7.0.4) lib/active_record/connection_handling.rb:280:in `connection'
activerecord (7.0.4) lib/active_record/migration.rb:613:in `connection'
activerecord (7.0.4) lib/active_record/migration.rb:608:in `build_watcher'
activerecord (7.0.4) lib/active_record/migration.rb:590:in `block in call'
activerecord (7.0.4) lib/active_record/migration.rb:589:in `synchronize'
activerecord (7.0.4) lib/active_record/migration.rb:589:in `call'
actionpack (7.0.4) lib/action_dispatch/middleware/callbacks.rb:27:in `block in call'
activesupport (7.0.4) lib/active_support/callbacks.rb:99:in `run_callbacks'
actionpack (7.0.4) lib/action_dispatch/middleware/callbacks.rb:26:in `call'
actionpack (7.0.4) lib/action_dispatch/middleware/executor.rb:14:in `call'
actionpack (7.0.4) lib/action_dispatch/middleware/actionable_exceptions.rb:17:in `call'
actionpack (7.0.4) lib/action_dispatch/middleware/debug_exceptions.rb:28:in `call'
web-console (4.2.0) lib/web_console/middleware.rb:132:in `call_app'
web-console (4.2.0) lib/web_console/middleware.rb:28:in `block in call'
web-console (4.2.0) lib/web_console/middleware.rb:17:in `catch'
web-console (4.2.0) lib/web_console/middleware.rb:17:in `call'
actionpack (7.0.4) lib/action_dispatch/middleware/show_exceptions.rb:26:in `call'
railties (7.0.4) lib/rails/rack/logger.rb:40:in `call_app'
railties (7.0.4) lib/rails/rack/logger.rb:25:in `block in call'
activesupport (7.0.4) lib/active_support/tagged_logging.rb:99:in `block in tagged'
activesupport (7.0.4) lib/active_support/tagged_logging.rb:37:in `tagged'
activesupport (7.0.4) lib/active_support/tagged_logging.rb:99:in `tagged'
railties (7.0.4) lib/rails/rack/logger.rb:25:in `call'
sprockets-rails (3.4.2) lib/sprockets/rails/quiet_assets.rb:13:in `call'
actionpack (7.0.4) lib/action_dispatch/middleware/remote_ip.rb:93:in `call'
actionpack (7.0.4) lib/action_dispatch/middleware/request_id.rb:26:in `call'
rack (2.2.4) lib/rack/method_override.rb:24:in `call'
rack (2.2.4) lib/rack/runtime.rb:22:in `call'
activesupport (7.0.4) lib/active_support/cache/strategy/local_cache_middleware.rb:29:in `call'
actionpack (7.0.4) lib/action_dispatch/middleware/executor.rb:14:in `call'
actionpack (7.0.4) lib/action_dispatch/middleware/static.rb:23:in `call'
rack (2.2.4) lib/rack/sendfile.rb:110:in `call'
actionpack (7.0.4) lib/action_dispatch/middleware/host_authorization.rb:137:in `call'
railties (7.0.4) lib/rails/engine.rb:530:in `call'
puma (5.6.5) lib/puma/configuration.rb:252:in `call'
puma (5.6.5) lib/puma/request.rb:77:in `block in handle_request'
puma (5.6.5) lib/puma/thread_pool.rb:340:in `with_force_shutdown'
puma (5.6.5) lib/puma/request.rb:76:in `handle_request'
puma (5.6.5) lib/puma/server.rb:443:in `process_client'
puma (5.6.5) lib/puma/thread_pool.rb:147:in `block in spawn_thread'
DEPRECATION WARNING: Using legacy connection handling is deprecated. Please set
`legacy_connection_handling` to `false` in your application.

The new connection handling does not support `connection_handlers`
getter and setter.

Read more about how to migrate at: https://guides.rubyonrails.org/active_record_multiple_databases.html#migrate-to-the-new-connection-handling
 (called from <top (required)> at /Users/dev/topnews/app/models/application_record.rb:1)
  [1m[35m (304.5ms)[0m  [1m[35mCREATE DATABASE "topnews_development" ENCODING = 'unicode'[0m
  [1m[35m (121.7ms)[0m  [1m[35mCREATE DATABASE "topnews_test" ENCODING = 'unicode'[0m
  [1m[35m (22.8ms)[0m  [1m[35mCREATE TABLE "schema_migrations" ("version" character varying NOT NULL PRIMARY KEY)[0m
  [1m[35m (46.9ms)[0m  [1m[35mCREATE TABLE "ar_internal_metadata" ("key" character varying NOT NULL PRIMARY KEY, "value" character varying, "created_at" timestamp(6) NOT NULL, "updated_at" timestamp(6) NOT NULL)[0m
  [1m[35m (0.3ms)[0m  [1m[34mSELECT pg_try_advisory_lock(2065752212302322880)[0m
  [1m[36mActiveRecord::SchemaMigration Pluck (0.6ms)[0m  [1m[34mSELECT "schema_migrations"."version" FROM "schema_migrations" ORDER BY "schema_migrations"."version" ASC[0m
Migrating to DeviseCreateUsers (20180228212101)
  [1m[36mTRANSACTION (0.2ms)[0m  [1m[35mBEGIN[0m
  [1m[35m (49.0ms)[0m  [1m[35mCREATE TABLE "users" ("id" bigserial primary key, "first_name" character varying, "last_name" character varying, "email" character varying DEFAULT '' NOT NULL, "encrypted_password" character varying DEFAULT '' NOT NULL, "reset_password_token" character varying, "reset_password_sent_at" timestamp, "remember_created_at" timestamp, "sign_in_count" integer DEFAULT 0 NOT NULL, "current_sign_in_at" timestamp, "last_sign_in_at" timestamp, "current_sign_in_ip" inet, "last_sign_in_ip" inet, "created_at" timestamp NOT NULL, "updated_at" timestamp NOT NULL)[0m
  [1m[35m (3.5ms)[0m  [1m[35mCREATE UNIQUE INDEX "index_users_on_email" ON "users" ("email")[0m
  [1m[35m (1.1ms)[0m  [1m[35mCREATE UNIQUE INDEX "index_users_on_reset_password_token" ON "users" ("reset_password_token")[0m
  [1m[36mActiveRecord::SchemaMigration Create (42.7ms)[0m  [1m[32mINSERT INTO "schema_migrations" ("version") VALUES ($1) RETURNING "version"[0m  [["version", "20180228212101"]]
  [1m[36mTRANSACTION (0.7ms)[0m  [1m[35mCOMMIT[0m
  [1m[36mActiveRecord::InternalMetadata Load (0.4ms)[0m  [1m[34mSELECT "ar_internal_metadata".* FROM "ar_internal_metadata" WHERE "ar_internal_metadata"."key" = $1 LIMIT $2[0m  [["key", "environment"], ["LIMIT", 1]]
  [1m[36mTRANSACTION (0.3ms)[0m  [1m[35mBEGIN[0m
  [1m[36mActiveRecord::InternalMetadata Create (40.6ms)[0m  [1m[32mINSERT INTO "ar_internal_metadata" ("key", "value", "created_at", "updated_at") VALUES ($1, $2, $3, $4) RETURNING "key"[0m  [["key", "environment"], ["value", "development"], ["created_at", "2022-12-05 15:30:23.725529"], ["updated_at", "2022-12-05 15:30:23.725529"]]
  [1m[36mTRANSACTION (0.3ms)[0m  [1m[35mCOMMIT[0m
  [1m[35m (0.3ms)[0m  [1m[34mSELECT pg_advisory_unlock(2065752212302322880)[0m
  [1m[36mActiveRecord::SchemaMigration Pluck (1.2ms)[0m  [1m[34mSELECT "schema_migrations"."version" FROM "schema_migrations" ORDER BY "schema_migrations"."version" ASC[0m
DEPRECATION WARNING: Using legacy connection handling is deprecated. Please set
`legacy_connection_handling` to `false` in your application.

The new connection handling does not support `connection_handlers`
getter and setter.

Read more about how to migrate at: https://guides.rubyonrails.org/active_record_multiple_databases.html#migrate-to-the-new-connection-handling
 (called from <top (required)> at /Users/dev/topnews/app/models/application_record.rb:1)
DEPRECATION WARNING: Non-URL-safe CSRF tokens are deprecated. Use 6.1 defaults or above. (called from block (3 levels) in <class:Railtie> at /Users/dev/.asdf/installs/ruby/3.1.2/lib/ruby/gems/3.1.0/gems/actionpack-7.0.4/lib/action_controller/railtie.rb:80)
Started GET "/" for ::1 at 2022-12-05 07:30:38 -0800
  [1m[36mActiveRecord::SchemaMigration Pluck (0.7ms)[0m  [1m[34mSELECT "schema_migrations"."version" FROM "schema_migrations" ORDER BY "schema_migrations"."version" ASC[0m
Processing by PagesController#home as HTML
  Rendering layout layouts/application.html.haml
  Rendering pages/home.html.haml within layouts/application
  Rendered pages/home.html.haml within layouts/application (Duration: 12.7ms | Allocations: 5776)
  Rendered layout layouts/application.html.haml (Duration: 1074.2ms | Allocations: 68615)
Completed 200 OK in 1109ms (Views: 1082.5ms | ActiveRecord: 0.0ms | Allocations: 71589)


DEPRECATION WARNING: Using legacy connection handling is deprecated. Please set
`legacy_connection_handling` to `false` in your application.

The new connection handling does not support `connection_handlers`
getter and setter.

Read more about how to migrate at: https://guides.rubyonrails.org/active_record_multiple_databases.html#migrate-to-the-new-connection-handling
 (called from <top (required)> at /Users/dev/topnews/app/models/application_record.rb:1)
Started GET "/users/signup" for ::1 at 2022-12-05 07:31:07 -0800
  
ActionController::RoutingError (No route matches [GET] "/users/signup"):
  
Started GET "/users/sign_up" for ::1 at 2022-12-05 07:31:19 -0800
Processing by Devise::RegistrationsController#new as HTML
  Rendering layout layouts/application.html.haml
  Rendering /Users/dev/.asdf/installs/ruby/3.1.2/lib/ruby/gems/3.1.0/gems/devise-4.8.1/app/views/devise/registrations/new.html.erb within layouts/application
  Rendered /Users/dev/.asdf/installs/ruby/3.1.2/lib/ruby/gems/3.1.0/gems/devise-4.8.1/app/views/devise/shared/_error_messages.html.erb (Duration: 1.2ms | Allocations: 229)
  Rendered /Users/dev/.asdf/installs/ruby/3.1.2/lib/ruby/gems/3.1.0/gems/devise-4.8.1/app/views/devise/shared/_links.html.erb (Duration: 2.4ms | Allocations: 566)
  Rendered /Users/dev/.asdf/installs/ruby/3.1.2/lib/ruby/gems/3.1.0/gems/devise-4.8.1/app/views/devise/registrations/new.html.erb within layouts/application (Duration: 42.8ms | Allocations: 6868)
  Rendered layout layouts/application.html.haml (Duration: 54.8ms | Allocations: 10979)
Completed 200 OK in 108ms (Views: 57.8ms | ActiveRecord: 13.6ms | Allocations: 22468)


Started POST "/users" for ::1 at 2022-12-05 07:31:38 -0800
Processing by Devise::RegistrationsController#create as HTML
  Parameters: {"utf8"=>"✓", "authenticity_token"=>"Qjx/uyE8SXUS/dzBDYagfJ1flUyI7LtbwPxsZHaM/T5UEPbYtXPyOOCTFmRhxU+vnKMvl6v+XxnbZqXOHjtBeQ==", "user"=>{"email"=>"affefa@gmail.com", "password"=>"[FILTERED]", "password_confirmation"=>"[FILTERED]"}, "commit"=>"Sign up"}
  [1m[36mTRANSACTION (0.1ms)[0m  [1m[35mBEGIN[0m
  [1m[36mUser Exists? (44.8ms)[0m  [1m[34mSELECT 1 AS one FROM "users" WHERE "users"."email" = $1 LIMIT $2[0m  [["email", "affefa@gmail.com"], ["LIMIT", 1]]
  [1m[36mUser Create (1.0ms)[0m  [1m[32mINSERT INTO "users" ("email", "encrypted_password", "created_at", "updated_at") VALUES ($1, $2, $3, $4) RETURNING "id"[0m  [["email", "affefa@gmail.com"], ["encrypted_password", "[FILTERED]"], ["created_at", "2022-12-05 15:31:39.658848"], ["updated_at", "2022-12-05 15:31:39.658848"]]
  [1m[36mTRANSACTION (0.5ms)[0m  [1m[35mCOMMIT[0m
  [1m[36mTRANSACTION (0.1ms)[0m  [1m[35mBEGIN[0m
  [1m[36mUser Update (2.2ms)[0m  [1m[33mUPDATE "users" SET "sign_in_count" = $1, "current_sign_in_at" = $2, "last_sign_in_at" = $3, "current_sign_in_ip" = $4, "last_sign_in_ip" = $5, "updated_at" = $6 WHERE "users"."id" = $7[0m  [["sign_in_count", 1], ["current_sign_in_at", "2022-12-05 15:31:39.663919"], ["last_sign_in_at", "2022-12-05 15:31:39.663919"], ["current_sign_in_ip", "::1/128"], ["last_sign_in_ip", "::1/128"], ["updated_at", "2022-12-05 15:31:39.664118"], ["id", 1]]
  [1m[36mTRANSACTION (0.7ms)[0m  [1m[35mCOMMIT[0m
Redirected to http://localhost:3000/
Completed 302 Found in 1438ms (ActiveRecord: 49.4ms | Allocations: 8281)


Started GET "/" for ::1 at 2022-12-05 07:31:39 -0800
Processing by PagesController#home as HTML
  Rendering layout layouts/application.html.haml
  Rendering pages/home.html.haml within layouts/application
  Rendered pages/home.html.haml within layouts/application (Duration: 0.0ms | Allocations: 6)
  Rendered layout layouts/application.html.haml (Duration: 7.4ms | Allocations: 4085)
Completed 200 OK in 9ms (Views: 7.9ms | ActiveRecord: 0.0ms | Allocations: 5415)


Started GET "/pages" for ::1 at 2022-12-05 07:32:40 -0800
  
ActionController::RoutingError (No route matches [GET] "/pages"):
  
Started GET "/home" for ::1 at 2022-12-05 07:32:44 -0800
  
ActionController::RoutingError (No route matches [GET] "/home"):
  
Started GET "/login" for ::1 at 2022-12-05 07:36:26 -0800
  
ActionController::RoutingError (No route matches [GET] "/login"):
  
Started GET "/users" for ::1 at 2022-12-05 07:37:00 -0800
  
ActionController::RoutingError (No route matches [GET] "/users"):
  
Started GET "/" for ::1 at 2022-12-05 07:58:45 -0800
Processing by PagesController#home as HTML
  Rendering layout layouts/application.html.haml
  Rendering pages/home.html.haml within layouts/application
  Rendered pages/home.html.haml within layouts/application (Duration: 0.1ms | Allocations: 4)
  Rendered layout layouts/application.html.haml (Duration: 12.3ms | Allocations: 3999)
Completed 200 OK in 15ms (Views: 13.1ms | Allocations: 5252)


DEPRECATION WARNING: Using legacy connection handling is deprecated. Please set
`legacy_connection_handling` to `false` in your application.

The new connection handling does not support `connection_handlers`
getter and setter.

Read more about how to migrate at: https://guides.rubyonrails.org/active_record_multiple_databases.html#migrate-to-the-new-connection-handling
 (called from <top (required)> at /Users/dev/topnews/app/models/application_record.rb:1)
DEPRECATION WARNING: Using legacy connection handling is deprecated. Please set
`legacy_connection_handling` to `false` in your application.

The new connection handling does not support `connection_handlers`
getter and setter.

Read more about how to migrate at: https://guides.rubyonrails.org/active_record_multiple_databases.html#migrate-to-the-new-connection-handling
 (called from <top (required)> at /Users/dev/topnews/app/models/application_record.rb:1)
DEPRECATION WARNING: Using legacy connection handling is deprecated. Please set
`legacy_connection_handling` to `false` in your application.

The new connection handling does not support `connection_handlers`
getter and setter.

Read more about how to migrate at: https://guides.rubyonrails.org/active_record_multiple_databases.html#migrate-to-the-new-connection-handling
 (called from <top (required)> at /Users/dev/topnews/app/models/application_record.rb:1)
DEPRECATION WARNING: Using legacy connection handling is deprecated. Please set
`legacy_connection_handling` to `false` in your application.

The new connection handling does not support `connection_handlers`
getter and setter.

Read more about how to migrate at: https://guides.rubyonrails.org/active_record_multiple_databases.html#migrate-to-the-new-connection-handling
 (called from <top (required)> at /Users/dev/topnews/app/models/application_record.rb:1)
DEPRECATION WARNING: Using legacy connection handling is deprecated. Please set
`legacy_connection_handling` to `false` in your application.

The new connection handling does not support `connection_handlers`
getter and setter.

Read more about how to migrate at: https://guides.rubyonrails.org/active_record_multiple_databases.html#migrate-to-the-new-connection-handling
 (called from <top (required)> at /Users/dev/topnews/app/models/application_record.rb:1)
DEPRECATION WARNING: Using legacy connection handling is deprecated. Please set
`legacy_connection_handling` to `false` in your application.

The new connection handling does not support `connection_handlers`
getter and setter.

Read more about how to migrate at: https://guides.rubyonrails.org/active_record_multiple_databases.html#migrate-to-the-new-connection-handling
 (called from <top (required)> at /Users/dev/topnews/app/models/application_record.rb:1)
DEPRECATION WARNING: Using legacy connection handling is deprecated. Please set
`legacy_connection_handling` to `false` in your application.

The new connection handling does not support `connection_handlers`
getter and setter.

Read more about how to migrate at: https://guides.rubyonrails.org/active_record_multiple_databases.html#migrate-to-the-new-connection-handling
 (called from <top (required)> at /Users/dev/topnews/app/models/application_record.rb:1)
DEPRECATION WARNING: Using legacy connection handling is deprecated. Please set
`legacy_connection_handling` to `false` in your application.

The new connection handling does not support `connection_handlers`
getter and setter.

Read more about how to migrate at: https://guides.rubyonrails.org/active_record_multiple_databases.html#migrate-to-the-new-connection-handling
 (called from <top (required)> at /Users/dev/topnews/app/models/application_record.rb:1)
DEPRECATION WARNING: Using legacy connection handling is deprecated. Please set
`legacy_connection_handling` to `false` in your application.

The new connection handling does not support `connection_handlers`
getter and setter.

Read more about how to migrate at: https://guides.rubyonrails.org/active_record_multiple_databases.html#migrate-to-the-new-connection-handling
 (called from <top (required)> at /Users/dev/topnews/app/models/application_record.rb:1)
DEPRECATION WARNING: Using legacy connection handling is deprecated. Please set
`legacy_connection_handling` to `false` in your application.

The new connection handling does not support `connection_handlers`
getter and setter.

Read more about how to migrate at: https://guides.rubyonrails.org/active_record_multiple_databases.html#migrate-to-the-new-connection-handling
 (called from <top (required)> at /Users/dev/topnews/app/models/application_record.rb:1)
DEPRECATION WARNING: Using legacy connection handling is deprecated. Please set
`legacy_connection_handling` to `false` in your application.

The new connection handling does not support `connection_handlers`
getter and setter.

Read more about how to migrate at: https://guides.rubyonrails.org/active_record_multiple_databases.html#migrate-to-the-new-connection-handling
 (called from <top (required)> at /Users/dev/topnews/app/models/application_record.rb:1)
DEPRECATION WARNING: Using legacy connection handling is deprecated. Please set
`legacy_connection_handling` to `false` in your application.

The new connection handling does not support `connection_handlers`
getter and setter.

Read more about how to migrate at: https://guides.rubyonrails.org/active_record_multiple_databases.html#migrate-to-the-new-connection-handling
 (called from <top (required)> at /Users/dev/topnews/app/models/application_record.rb:1)
DEPRECATION WARNING: Using legacy connection handling is deprecated. Please set
`legacy_connection_handling` to `false` in your application.

The new connection handling does not support `connection_handlers`
getter and setter.

Read more about how to migrate at: https://guides.rubyonrails.org/active_record_multiple_databases.html#migrate-to-the-new-connection-handling
 (called from <top (required)> at /Users/dev/topnews/app/models/application_record.rb:1)
DEPRECATION WARNING: Using legacy connection handling is deprecated. Please set
`legacy_connection_handling` to `false` in your application.

The new connection handling does not support `connection_handlers`
getter and setter.

Read more about how to migrate at: https://guides.rubyonrails.org/active_record_multiple_databases.html#migrate-to-the-new-connection-handling
 (called from <top (required)> at /Users/dev/topnews/app/models/application_record.rb:1)
DEPRECATION WARNING: Using legacy connection handling is deprecated. Please set
`legacy_connection_handling` to `false` in your application.

The new connection handling does not support `connection_handlers`
getter and setter.

Read more about how to migrate at: https://guides.rubyonrails.org/active_record_multiple_databases.html#migrate-to-the-new-connection-handling
 (called from <top (required)> at /Users/dev/topnews/app/models/application_record.rb:1)
Started GET "/" for ::1 at 2022-12-05 12:02:29 -0800
Processing by StoriesController#top as HTML
Completed 500 Internal Server Error in 10ms (Allocations: 3652)


  
NameError (uninitialized constant ApplicationController::Hackernews

    @client ||= Hackernews::Client.new
                ^^^^^^^^^^):
  
app/controllers/application_controller.rb:5:in `client'
app/controllers/stories_controller.rb:3:in `top'
DEPRECATION WARNING: Using legacy connection handling is deprecated. Please set
`legacy_connection_handling` to `false` in your application.

The new connection handling does not support `connection_handlers`
getter and setter.

Read more about how to migrate at: https://guides.rubyonrails.org/active_record_multiple_databases.html#migrate-to-the-new-connection-handling
 (called from <top (required)> at /Users/dev/topnews/app/models/application_record.rb:1)
DEPRECATION WARNING: Non-URL-safe CSRF tokens are deprecated. Use 6.1 defaults or above. (called from block (3 levels) in <class:Railtie> at /Users/dev/.asdf/installs/ruby/3.1.2/lib/ruby/gems/3.1.0/gems/actionpack-7.0.4/lib/action_controller/railtie.rb:80)
Started GET "/" for ::1 at 2022-12-05 12:03:29 -0800
  [1m[36mActiveRecord::SchemaMigration Pluck (43.4ms)[0m  [1m[34mSELECT "schema_migrations"."version" FROM "schema_migrations" ORDER BY "schema_migrations"."version" ASC[0m
Processing by StoriesController#top as HTML
Completed 500 Internal Server Error in 789ms (ActiveRecord: 0.0ms | Allocations: 5156)


  
Excon::Error::Socket (no address for faf2ffda21mshc9b4d020d3eef63p17dee9jsn1537c2af6a79 (Resolv::ResolvError)):
  
lib/hackernews/client.rb:29:in `get'
lib/hackernews/client.rb:17:in `topstories'
app/controllers/stories_controller.rb:3:in `top'
Started GET "/" for ::1 at 2022-12-05 12:28:26 -0800
Processing by StoriesController#top as HTML
  Rendering layout layouts/application.html.haml
  Rendering stories/top.html.erb within layouts/application
  Rendered stories/top.html.erb within layouts/application (Duration: 22257.2ms | Allocations: 99072)
  Rendered layout layouts/application.html.haml (Duration: 22352.8ms | Allocations: 124464)
Completed 200 OK in 42300ms (Views: 22361.5ms | Allocations: 159591)


Started GET "/" for ::1 at 2022-12-05 12:29:38 -0800
Processing by StoriesController#top as HTML
  Rendering layout layouts/application.html.haml
  Rendering stories/top.html.erb within layouts/application
  Rendered stories/top.html.erb within layouts/application (Duration: 17.4ms | Allocations: 3751)
  Rendered layout layouts/application.html.haml (Duration: 34.0ms | Allocations: 13078)
Completed 200 OK in 16245ms (Views: 37.1ms | Allocations: 44737)


DEPRECATION WARNING: Using legacy connection handling is deprecated. Please set
`legacy_connection_handling` to `false` in your application.

The new connection handling does not support `connection_handlers`
getter and setter.

Read more about how to migrate at: https://guides.rubyonrails.org/active_record_multiple_databases.html#migrate-to-the-new-connection-handling
 (called from <top (required)> at /Users/dev/topnews/app/models/application_record.rb:1)
DEPRECATION WARNING: Non-URL-safe CSRF tokens are deprecated. Use 6.1 defaults or above. (called from block (3 levels) in <class:Railtie> at /Users/dev/.asdf/installs/ruby/3.1.2/lib/ruby/gems/3.1.0/gems/actionpack-7.0.4/lib/action_controller/railtie.rb:80)
Started GET "/" for ::1 at 2022-12-06 03:20:02 -0800
  [1m[36mActiveRecord::SchemaMigration Pluck (2.3ms)[0m  [1m[34mSELECT "schema_migrations"."version" FROM "schema_migrations" ORDER BY "schema_migrations"."version" ASC[0m
Processing by StoriesController#top as HTML
  Rendering layout layouts/application.html.haml
  Rendering stories/top.html.erb within layouts/application
  Rendered stories/top.html.erb within layouts/application (Duration: 23.3ms | Allocations: 4025)
  Rendered layout layouts/application.html.haml (Duration: 146.0ms | Allocations: 29434)
Completed 200 OK in 20774ms (Views: 153.1ms | ActiveRecord: 0.0ms | Allocations: 65962)


